<?xml version="1.0" encoding="UTF-8"?><testsuite errors="0" failures="1" name="Crear nuevo empleado" skipped="0" tests="1" time="2.1" timestamp="2023-01-22 05:39:45"><testcase name=": Crear un nuevo usuario"><failure message="&#10;Expected: &lt;200&gt;&#10;     but: was &lt;429&gt;" type="java.lang.AssertionError">
Expected: &lt;200&gt;
     but: was &lt;429&gt;</failure><system-err>
Expected: &lt;200&gt;
     but: was &lt;429&gt;&#13;
co.com.dummy.api.stepdefinitions.CrearEmpleadoStepDefinitions.debeVerElEmpleadoCreado(CrearEmpleadoStepDefinitions.java:32)&#13;
✽.debe ver el empleado creado(src/test/resources/features/crear_empleado.feature:12)&#13;
</system-err></testcase></testsuite>